<?xml version="1.0" encoding="UTF-8"?>
<!-- Generated by org.testng.reporters.JUnitReportReporter -->
<testsuite hostname="IN-996XTN3" failures="0" tests="6" name="all_Test_Operation.booking_operation" time="17.216" errors="0" timestamp="2023-09-12T20:37:14 IST" skipped="0">
  <testcase classname="all_Test_Operation.booking_operation" name="get_bookingID" time="8.264"/>
  <system-out/>
  <testcase classname="all_Test_Operation.booking_operation" name="post_createBooking" time="1.773"/>
  <system-out/>
  <testcase classname="all_Test_Operation.booking_operation" name="get_booking" time="1.762"/>
  <system-out/>
  <testcase classname="all_Test_Operation.booking_operation" name="put_updateBooking" time="1.838"/>
  <system-out/>
  <testcase classname="all_Test_Operation.booking_operation" name="patch_partial_updateBooking" time="1.785"/>
  <system-out/>
  <testcase classname="all_Test_Operation.booking_operation" name="delete_booking" time="1.794"/>
  <system-out/>
</testsuite> <!-- all_Test_Operation.booking_operation -->
